<?xml version="1.0" encoding="UTF-8"?>
<!-- Generated by org.testng.reporters.JUnitReportReporter -->
<testsuite hostname="GESLMP22PJZ3" failures="0" tests="1" name="testCases.TC_002_LoginTest" time="1.073" errors="0" timestamp="2023-03-15T18:36:55 IST" skipped="0">
  <testcase classname="testCases.TC_002_LoginTest" name="test_login" time="1.073"/>
  <system-out/>
</testsuite> <!-- testCases.TC_002_LoginTest -->
