<?xml version="1.0" encoding="UTF-8"?>
<!-- Generated by org.testng.reporters.JUnitReportReporter -->
<testsuite hostname="GESLMP22PJZ3" failures="0" tests="1" name="testCases.TC_001_AccountRegestration" time="12.072" errors="0" timestamp="2023-03-16T12:54:57 IST" skipped="0">
  <testcase classname="testCases.TC_001_AccountRegestration" name="test_account_regestration" time="12.072"/>
  <system-out/>
</testsuite> <!-- testCases.TC_001_AccountRegestration -->
